select * from functional_kudu.zipcode_incomes where id = '8600000US00601'
---- PLAN
F00:PLAN FRAGMENT [UNPARTITIONED]
  00:SCAN KUDU [functional_kudu.zipcode_incomes]
     kudu predicates: id = '8600000US00601'     hosts=3 per-host-mem=unavailable
     tuple-ids=0 row-size=124B cardinality=1
---- DISTRIBUTEDPLAN
F01:PLAN FRAGMENT [UNPARTITIONED]
  01:EXCHANGE [UNPARTITIONED]
     hosts=3 per-host-mem=unavailable
     tuple-ids=0 row-size=124B cardinality=1

F00:PLAN FRAGMENT [RANDOM]
  DATASTREAM SINK [FRAGMENT=F01, EXCHANGE=01, UNPARTITIONED]
  00:SCAN KUDU [functional_kudu.zipcode_incomes]
     kudu predicates: id = '8600000US00601'     hosts=3 per-host-mem=0B
     tuple-ids=0 row-size=124B cardinality=1
====